<?xml version="1.0" encoding="UTF-8"?>
<!-- Generated by org.testng.reporters.JUnitReportReporter -->
<testsuite hostname="Lenovo" failures="0" tests="3" name="CapStoneTest.LoginTest" time="16.460" errors="0" timestamp="2025-01-11T01:22:11 IST" skipped="0">
  <testcase classname="CapStoneTest.LoginTest" name="testLogin" time="5.865"/>
  <system-out/>
  <testcase classname="CapStoneTest.LoginTest" name="testLogin" time="6.817"/>
  <system-out/>
  <testcase classname="CapStoneTest.LoginTest" name="testLogin" time="3.778"/>
  <system-out/>
</testsuite> <!-- CapStoneTest.LoginTest -->
