<?xml version="1.0" encoding="UTF-8"?>
<!-- Generated by org.testng.reporters.JUnitReportReporter -->
<testsuite hostname="Lenovo" failures="0" tests="2" name="CapStoneTest.SearchHotelTest" time="13.305" errors="0" timestamp="2025-01-11T01:22:11 IST" skipped="0">
  <testcase classname="CapStoneTest.SearchHotelTest" name="testHotelSearch" time="6.848"/>
  <system-out/>
  <testcase classname="CapStoneTest.SearchHotelTest" name="testHotelSearch" time="6.457"/>
  <system-out/>
</testsuite> <!-- CapStoneTest.SearchHotelTest -->
