<?xml version="1.0" encoding="UTF-8"?>
<!-- Generated by org.testng.reporters.JUnitReportReporter -->
<testsuite hostname="Lenovo" failures="0" tests="2" name="CapStoneTest.BookingTest" time="43.542" errors="0" timestamp="2025-01-11T01:22:11 IST" skipped="0">
  <testcase classname="CapStoneTest.BookingTest" name="testBooking" time="20.186"/>
  <system-out/>
  <testcase classname="CapStoneTest.BookingTest" name="testBooking" time="23.356"/>
  <system-out/>
</testsuite> <!-- CapStoneTest.BookingTest -->
