<?xml version="1.0" encoding="UTF-8"?>
<!-- Generated by org.testng.reporters.JUnitReportReporter -->
<testsuite hostname="Lenovo" failures="0" tests="3" name="CapStoneTest.AllTest" time="0.026" errors="0" timestamp="2025-01-10T23:44:33 IST" skipped="0">
  <testcase classname="CapStoneTest.AllTest" name="testLogin" time="0.004"/>
  <system-out/>
  <testcase classname="CapStoneTest.AllTest" name="testSearchHotel" time="0.002"/>
  <system-out/>
  <testcase classname="CapStoneTest.AllTest" name="testBooking" time="0.020"/>
  <system-out/>
</testsuite> <!-- CapStoneTest.AllTest -->
