<?xml version="1.0" encoding="UTF-8"?>
<!-- Generated by org.testng.reporters.JUnitReportReporter -->
<testsuite hostname="Lenovo" failures="0" tests="2" name="CapStoneTest.BookingTest" time="38.470" errors="0" timestamp="2025-01-11T00:27:15 IST" skipped="0">
  <testcase classname="CapStoneTest.BookingTest" name="testBooking" time="19.061"/>
  <system-out/>
  <testcase classname="CapStoneTest.BookingTest" name="testBooking" time="19.409"/>
  <system-out/>
</testsuite> <!-- CapStoneTest.BookingTest -->
