<?xml version="1.0" encoding="UTF-8"?>
<!-- Generated by org.testng.reporters.JUnitReportReporter -->
<testsuite hostname="Lenovo" failures="0" tests="3" name="CapStoneTest.LoginTest" time="12.575" errors="0" timestamp="2025-01-11T00:24:15 IST" skipped="0">
  <testcase classname="CapStoneTest.LoginTest" name="testLogin" time="2.902"/>
  <system-out/>
  <testcase classname="CapStoneTest.LoginTest" name="testLogin" time="5.478"/>
  <system-out/>
  <testcase classname="CapStoneTest.LoginTest" name="testLogin" time="4.195"/>
  <system-out/>
</testsuite> <!-- CapStoneTest.LoginTest -->
